
*** Running xst
    with args -ifn "mojo_top_0.xst" -ofn "mojo_top_0.srp" -intstyle ise

Reading design: mojo_top_0.prj

=========================================================================
*                          HDL Parsing                                  *
=========================================================================
Analyzing Verilog file "C:/Users/Matthew/Documents/GitHub/16-bit-ALU-mojo/work/planAhead/16-bit-ALU/16-bit-ALU.srcs/sources_1/imports/verilog/shifter_16bit_8.v" into library work
Parsing module <shifter_16bit_8>.
Analyzing Verilog file "C:/Users/Matthew/Documents/GitHub/16-bit-ALU-mojo/work/planAhead/16-bit-ALU/16-bit-ALU.srcs/sources_1/imports/verilog/pipeline_10.v" into library work
Parsing module <pipeline_10>.
Analyzing Verilog file "C:/Users/Matthew/Documents/GitHub/16-bit-ALU-mojo/work/planAhead/16-bit-ALU/16-bit-ALU.srcs/sources_1/imports/verilog/compare16bit_9.v" into library work
Parsing module <compare16bit_9>.
Analyzing Verilog file "C:/Users/Matthew/Documents/GitHub/16-bit-ALU-mojo/work/planAhead/16-bit-ALU/16-bit-ALU.srcs/sources_1/imports/verilog/boolean_16bit_7.v" into library work
Parsing module <boolean_16bit_7>.
Analyzing Verilog file "C:/Users/Matthew/Documents/GitHub/16-bit-ALU-mojo/work/planAhead/16-bit-ALU/16-bit-ALU.srcs/sources_1/imports/verilog/adder_16bit_2_6.v" into library work
Parsing module <adder_16bit_2_6>.
Analyzing Verilog file "C:/Users/Matthew/Documents/GitHub/16-bit-ALU-mojo/work/planAhead/16-bit-ALU/16-bit-ALU.srcs/sources_1/imports/verilog/adder_16bit_1_5.v" into library work
Parsing module <adder_16bit_1_5>.
Analyzing Verilog file "C:/Users/Matthew/Documents/GitHub/16-bit-ALU-mojo/work/planAhead/16-bit-ALU/16-bit-ALU.srcs/sources_1/imports/verilog/reset_conditioner_2.v" into library work
Parsing module <reset_conditioner_2>.
Analyzing Verilog file "C:/Users/Matthew/Documents/GitHub/16-bit-ALU-mojo/work/planAhead/16-bit-ALU/16-bit-ALU.srcs/sources_1/imports/verilog/edge_detector_4.v" into library work
Parsing module <edge_detector_4>.
Analyzing Verilog file "C:/Users/Matthew/Documents/GitHub/16-bit-ALU-mojo/work/planAhead/16-bit-ALU/16-bit-ALU.srcs/sources_1/imports/verilog/button_conditioner_3.v" into library work
Parsing module <button_conditioner_3>.
Analyzing Verilog file "C:/Users/Matthew/Documents/GitHub/16-bit-ALU-mojo/work/planAhead/16-bit-ALU/16-bit-ALU.srcs/sources_1/imports/verilog/alu_1.v" into library work
Parsing module <alu_1>.
Analyzing Verilog file "C:/Users/Matthew/Documents/GitHub/16-bit-ALU-mojo/work/planAhead/16-bit-ALU/16-bit-ALU.srcs/sources_1/imports/verilog/mojo_top_0.v" into library work
Parsing module <mojo_top_0>.

=========================================================================
*                            HDL Elaboration                            *
=========================================================================

Elaborating module <mojo_top_0>.

Elaborating module <alu_1>.

Elaborating module <adder_16bit_1_5>.

Elaborating module <adder_16bit_2_6>.

Elaborating module <boolean_16bit_7>.

Elaborating module <shifter_16bit_8>.

Elaborating module <compare16bit_9>.
WARNING:HDLCompiler:1127 - "C:/Users/Matthew/Documents/GitHub/16-bit-ALU-mojo/work/planAhead/16-bit-ALU/16-bit-ALU.srcs/sources_1/imports/verilog/mojo_top_0.v" Line 43: Assignment to M_alu_v ignored, since the identifier is never used
WARNING:HDLCompiler:1127 - "C:/Users/Matthew/Documents/GitHub/16-bit-ALU-mojo/work/planAhead/16-bit-ALU/16-bit-ALU.srcs/sources_1/imports/verilog/mojo_top_0.v" Line 44: Assignment to M_alu_n ignored, since the identifier is never used
WARNING:HDLCompiler:1127 - "C:/Users/Matthew/Documents/GitHub/16-bit-ALU-mojo/work/planAhead/16-bit-ALU/16-bit-ALU.srcs/sources_1/imports/verilog/mojo_top_0.v" Line 45: Assignment to M_alu_z ignored, since the identifier is never used

Elaborating module <reset_conditioner_2>.

Elaborating module <button_conditioner_3>.

Elaborating module <pipeline_10>.

Elaborating module <edge_detector_4>.
WARNING:HDLCompiler:1127 - "C:/Users/Matthew/Documents/GitHub/16-bit-ALU-mojo/work/planAhead/16-bit-ALU/16-bit-ALU.srcs/sources_1/imports/verilog/mojo_top_0.v" Line 67: Assignment to M_edge_dt_out ignored, since the identifier is never used
WARNING:HDLCompiler:1127 - "C:/Users/Matthew/Documents/GitHub/16-bit-ALU-mojo/work/planAhead/16-bit-ALU/16-bit-ALU.srcs/sources_1/imports/verilog/mojo_top_0.v" Line 110: Assignment to M_counter_q ignored, since the identifier is never used
WARNING:Xst:2972 - "C:/Users/Matthew/Documents/GitHub/16-bit-ALU-mojo/work/planAhead/16-bit-ALU/16-bit-ALU.srcs/sources_1/imports/verilog/alu_1.v" line 36. All outputs of instance <adder2> of block <adder_16bit_2_6> are unconnected in block <alu_1>. Underlying logic will be removed.
WARNING:Xst:2972 - "C:/Users/Matthew/Documents/GitHub/16-bit-ALU-mojo/work/planAhead/16-bit-ALU/16-bit-ALU.srcs/sources_1/imports/verilog/alu_1.v" line 60. All outputs of instance <shift> of block <shifter_16bit_8> are unconnected in block <alu_1>. Underlying logic will be removed.
WARNING:Xst:2972 - "C:/Users/Matthew/Documents/GitHub/16-bit-ALU-mojo/work/planAhead/16-bit-ALU/16-bit-ALU.srcs/sources_1/imports/verilog/alu_1.v" line 72. All outputs of instance <compare> of block <compare16bit_9> are unconnected in block <alu_1>. Underlying logic will be removed.
WARNING:Xst:2972 - "C:/Users/Matthew/Documents/GitHub/16-bit-ALU-mojo/work/planAhead/16-bit-ALU/16-bit-ALU.srcs/sources_1/imports/verilog/mojo_top_0.v" line 50. All outputs of instance <reset_cond> of block <reset_conditioner_2> are unconnected in block <mojo_top_0>. Underlying logic will be removed.
WARNING:Xst:2972 - "C:/Users/Matthew/Documents/GitHub/16-bit-ALU-mojo/work/planAhead/16-bit-ALU/16-bit-ALU.srcs/sources_1/imports/verilog/mojo_top_0.v" line 57. All outputs of instance <btn_cond> of block <button_conditioner_3> are unconnected in block <mojo_top_0>. Underlying logic will be removed.
WARNING:Xst:2972 - "C:/Users/Matthew/Documents/GitHub/16-bit-ALU-mojo/work/planAhead/16-bit-ALU/16-bit-ALU.srcs/sources_1/imports/verilog/mojo_top_0.v" line 64. All outputs of instance <edge_dt> of block <edge_detector_4> are unconnected in block <mojo_top_0>. Underlying logic will be removed.

=========================================================================
*                           HDL Synthesis                               *
=========================================================================

Synthesizing Unit <mojo_top_0>.
    Related source file is "C:/Users/Matthew/Documents/GitHub/16-bit-ALU-mojo/work/planAhead/16-bit-ALU/16-bit-ALU.srcs/sources_1/imports/verilog/mojo_top_0.v".
WARNING:Xst:647 - Input <io_button<3:0>> is never used. This port will be preserved and left unconnected if it belongs to a top-level block or it belongs to a sub-block and the hierarchy of this sub-block is preserved.
WARNING:Xst:647 - Input <io_dip<23:16>> is never used. This port will be preserved and left unconnected if it belongs to a top-level block or it belongs to a sub-block and the hierarchy of this sub-block is preserved.
WARNING:Xst:647 - Input <cclk> is never used. This port will be preserved and left unconnected if it belongs to a top-level block or it belongs to a sub-block and the hierarchy of this sub-block is preserved.
WARNING:Xst:647 - Input <spi_ss> is never used. This port will be preserved and left unconnected if it belongs to a top-level block or it belongs to a sub-block and the hierarchy of this sub-block is preserved.
WARNING:Xst:647 - Input <spi_mosi> is never used. This port will be preserved and left unconnected if it belongs to a top-level block or it belongs to a sub-block and the hierarchy of this sub-block is preserved.
WARNING:Xst:647 - Input <spi_sck> is never used. This port will be preserved and left unconnected if it belongs to a top-level block or it belongs to a sub-block and the hierarchy of this sub-block is preserved.
WARNING:Xst:647 - Input <avr_tx> is never used. This port will be preserved and left unconnected if it belongs to a top-level block or it belongs to a sub-block and the hierarchy of this sub-block is preserved.
WARNING:Xst:647 - Input <avr_rx_busy> is never used. This port will be preserved and left unconnected if it belongs to a top-level block or it belongs to a sub-block and the hierarchy of this sub-block is preserved.
INFO:Xst:3210 - "C:/Users/Matthew/Documents/GitHub/16-bit-ALU-mojo/work/planAhead/16-bit-ALU/16-bit-ALU.srcs/sources_1/imports/verilog/mojo_top_0.v" line 38: Output port <v> of the instance <alu> is unconnected or connected to loadless signal.
INFO:Xst:3210 - "C:/Users/Matthew/Documents/GitHub/16-bit-ALU-mojo/work/planAhead/16-bit-ALU/16-bit-ALU.srcs/sources_1/imports/verilog/mojo_top_0.v" line 38: Output port <n> of the instance <alu> is unconnected or connected to loadless signal.
INFO:Xst:3210 - "C:/Users/Matthew/Documents/GitHub/16-bit-ALU-mojo/work/planAhead/16-bit-ALU/16-bit-ALU.srcs/sources_1/imports/verilog/mojo_top_0.v" line 38: Output port <z> of the instance <alu> is unconnected or connected to loadless signal.
INFO:Xst:3210 - "C:/Users/Matthew/Documents/GitHub/16-bit-ALU-mojo/work/planAhead/16-bit-ALU/16-bit-ALU.srcs/sources_1/imports/verilog/mojo_top_0.v" line 50: Output port <out> of the instance <reset_cond> is unconnected or connected to loadless signal.
INFO:Xst:3210 - "C:/Users/Matthew/Documents/GitHub/16-bit-ALU-mojo/work/planAhead/16-bit-ALU/16-bit-ALU.srcs/sources_1/imports/verilog/mojo_top_0.v" line 64: Output port <out> of the instance <edge_dt> is unconnected or connected to loadless signal.
    Found 1-bit tristate buffer for signal <spi_miso> created at line 92
    Found 1-bit tristate buffer for signal <spi_channel<3>> created at line 92
    Found 1-bit tristate buffer for signal <spi_channel<2>> created at line 92
    Found 1-bit tristate buffer for signal <spi_channel<1>> created at line 92
    Found 1-bit tristate buffer for signal <spi_channel<0>> created at line 92
    Found 1-bit tristate buffer for signal <avr_rx> created at line 92
    Summary:
	inferred   6 Tristate(s).
Unit <mojo_top_0> synthesized.

Synthesizing Unit <alu_1>.
    Related source file is "C:/Users/Matthew/Documents/GitHub/16-bit-ALU-mojo/work/planAhead/16-bit-ALU/16-bit-ALU.srcs/sources_1/imports/verilog/alu_1.v".
INFO:Xst:3210 - "C:/Users/Matthew/Documents/GitHub/16-bit-ALU-mojo/work/planAhead/16-bit-ALU/16-bit-ALU.srcs/sources_1/imports/verilog/alu_1.v" line 60: Output port <s> of the instance <shift> is unconnected or connected to loadless signal.
INFO:Xst:3210 - "C:/Users/Matthew/Documents/GitHub/16-bit-ALU-mojo/work/planAhead/16-bit-ALU/16-bit-ALU.srcs/sources_1/imports/verilog/alu_1.v" line 72: Output port <s> of the instance <compare> is unconnected or connected to loadless signal.
    Summary:
	inferred   1 Multiplexer(s).
Unit <alu_1> synthesized.

Synthesizing Unit <adder_16bit_1_5>.
    Related source file is "C:/Users/Matthew/Documents/GitHub/16-bit-ALU-mojo/work/planAhead/16-bit-ALU/16-bit-ALU.srcs/sources_1/imports/verilog/adder_16bit_1_5.v".
    Found 16-bit subtractor for signal <a[15]_b[15]_sub_3_OUT> created at line 22.
    Found 16-bit adder for signal <a[15]_b[15]_add_0_OUT> created at line 19.
    Summary:
	inferred   1 Adder/Subtractor(s).
	inferred   4 Multiplexer(s).
Unit <adder_16bit_1_5> synthesized.

Synthesizing Unit <boolean_16bit_7>.
    Related source file is "C:/Users/Matthew/Documents/GitHub/16-bit-ALU-mojo/work/planAhead/16-bit-ALU/16-bit-ALU.srcs/sources_1/imports/verilog/boolean_16bit_7.v".
WARNING:Xst:647 - Input <alufn<5:4>> is never used. This port will be preserved and left unconnected if it belongs to a top-level block or it belongs to a sub-block and the hierarchy of this sub-block is preserved.
    Summary:
	inferred   1 Multiplexer(s).
Unit <boolean_16bit_7> synthesized.

Synthesizing Unit <pipeline_10>.
    Related source file is "C:/Users/Matthew/Documents/GitHub/16-bit-ALU-mojo/work/planAhead/16-bit-ALU/16-bit-ALU.srcs/sources_1/imports/verilog/pipeline_10.v".
    Found 1-bit register for signal <M_pipe_q<1>>.
    Found 1-bit register for signal <M_pipe_q<0>>.
    Summary:
	inferred   2 D-type flip-flop(s).
Unit <pipeline_10> synthesized.

=========================================================================
HDL Synthesis Report

Macro Statistics
# Adders/Subtractors                                   : 1
 16-bit addsub                                         : 1
# Multiplexers                                         : 6
 16-bit 2-to-1 multiplexer                             : 6
# Tristates                                            : 6
 1-bit tristate buffer                                 : 6

=========================================================================
INFO:Xst:1767 - HDL ADVISOR - Resource sharing has identified that some arithmetic operations in this design can share the same physical resources for reduced device utilization. For improved clock frequency you may try to disable resource sharing.

=========================================================================
*                       Advanced HDL Synthesis                          *
=========================================================================


=========================================================================
Advanced HDL Synthesis Report

Macro Statistics
# Adders/Subtractors                                   : 1
 16-bit addsub                                         : 1
# Multiplexers                                         : 6
 16-bit 2-to-1 multiplexer                             : 6

=========================================================================

=========================================================================
*                         Low Level Synthesis                           *
=========================================================================

Optimizing unit <mojo_top_0> ...

Optimizing unit <alu_1> ...

Mapping all equations...
Building and optimizing final netlist ...
Found area constraint ratio of 100 (+ 0) on block mojo_top_0, actual ratio is 0.

Final Macro Processing ...

=========================================================================
Final Register Report

Found no macro
=========================================================================

=========================================================================
*                           Partition Report                            *
=========================================================================

Partition Implementation Status
-------------------------------

  No Partitions were found in this design.

-------------------------------

=========================================================================
*                            Design Summary                             *
=========================================================================

Clock Information:
------------------
No clock signals found in this design

Asynchronous Control Signals Information:
----------------------------------------
No asynchronous control signals found in this design

Timing Summary:
---------------
Speed Grade: -2

   Minimum period: No path found
   Minimum input arrival time before clock: No path found
   Maximum output required time after clock: No path found
   Maximum combinational path delay: 8.369ns

=========================================================================
